  Ball.cpp
  Game.cpp
C:\Users\Aula 2\Documents\repo\Desarrollo1\PongPrieto\Pong\Pong\Game.cpp(15,15): warning C4244: 'argumento': conversión de 'time_t' a 'unsigned int'; posible pérdida de datos
  Main.cpp
  Pad.cpp
  Generando código...
Ball.obj : error LNK2019: símbolo externo GetScreenWidth sin resolver al que se hace referencia en la función "void __cdecl initBall(struct Ball &)" (?initBall@@YAXAEAUBall@@@Z)
Game.obj : error LNK2001: símbolo externo GetScreenWidth sin resolver
Pad.obj : error LNK2001: símbolo externo GetScreenWidth sin resolver
Ball.obj : error LNK2019: símbolo externo GetScreenHeight sin resolver al que se hace referencia en la función "void __cdecl initBall(struct Ball &)" (?initBall@@YAXAEAUBall@@@Z)
Game.obj : error LNK2001: símbolo externo GetScreenHeight sin resolver
Pad.obj : error LNK2001: símbolo externo GetScreenHeight sin resolver
Game.obj : error LNK2019: símbolo externo InitWindow sin resolver al que se hace referencia en la función "void __cdecl init(struct Ball &,struct Pad &,struct Pad &,struct Pad &)" (?init@@YAXAEAUBall@@AEAUPad@@11@Z)
Game.obj : error LNK2019: símbolo externo WindowShouldClose sin resolver al que se hace referencia en la función "void __cdecl game(void)" (?game@@YAXXZ)
Game.obj : error LNK2019: símbolo externo ClearBackground sin resolver al que se hace referencia en la función "void __cdecl draw(struct Ball &,struct Pad &,struct Pad &,struct Pad &)" (?draw@@YAXAEAUBall@@AEAUPad@@11@Z)
Game.obj : error LNK2019: símbolo externo BeginDrawing sin resolver al que se hace referencia en la función "void __cdecl draw(struct Ball &,struct Pad &,struct Pad &,struct Pad &)" (?draw@@YAXAEAUBall@@AEAUPad@@11@Z)
Game.obj : error LNK2019: símbolo externo EndDrawing sin resolver al que se hace referencia en la función "void __cdecl draw(struct Ball &,struct Pad &,struct Pad &,struct Pad &)" (?draw@@YAXAEAUBall@@AEAUPad@@11@Z)
Game.obj : error LNK2019: símbolo externo GetFrameTime sin resolver al que se hace referencia en la función "void __cdecl inputs(struct Pad &,struct Pad &)" (?inputs@@YAXAEAUPad@@0@Z)
Game.obj : error LNK2019: símbolo externo IsKeyDown sin resolver al que se hace referencia en la función "void __cdecl inputs(struct Pad &,struct Pad &)" (?inputs@@YAXAEAUPad@@0@Z)
Game.obj : error LNK2019: símbolo externo DrawCircleV sin resolver al que se hace referencia en la función "void __cdecl draw(struct Ball &,struct Pad &,struct Pad &,struct Pad &)" (?draw@@YAXAEAUBall@@AEAUPad@@11@Z)
Game.obj : error LNK2019: símbolo externo DrawRectangleV sin resolver al que se hace referencia en la función "void __cdecl draw(struct Ball &,struct Pad &,struct Pad &,struct Pad &)" (?draw@@YAXAEAUBall@@AEAUPad@@11@Z)
Game.obj : error LNK2019: símbolo externo DrawText sin resolver al que se hace referencia en la función "void __cdecl draw(struct Ball &,struct Pad &,struct Pad &,struct Pad &)" (?draw@@YAXAEAUBall@@AEAUPad@@11@Z)
C:\Users\Aula 2\Documents\repo\Desarrollo1\PongPrieto\Pong\raylib-4.5.0_win32_msvc16\lib\raylib.lib : warning LNK4272: el tipo de máquina de biblioteca 'x86' está en conflicto con el tipo de máquina de destino 'x64'
C:\Users\Aula 2\Documents\repo\Desarrollo1\PongPrieto\Pong\x64\Debug\Pong.exe : fatal error LNK1120: 12 externos sin resolver
